<?xml version="1.0" encoding="UTF-8"?>
<!-- Generated by org.testng.reporters.JUnitReportReporter -->
<testsuite hostname="Admin" failures="0" tests="1" name="Railway.TestCase17" time="13.295" errors="0" timestamp="2022-01-05T22:06:43 ICT" skipped="0">
  <testcase classname="Railway.TestCase17" name="TC17" time="13.295"/>
  <system-out/>
</testsuite> <!-- Railway.TestCase17 -->
