<?xml version="1.0" encoding="UTF-8"?>
<!-- Generated by org.testng.reporters.JUnitReportReporter -->
<testsuite hostname="Admin" failures="0" tests="1" name="Railway.TestCase11" time="7.376" errors="0" timestamp="2022-01-05T22:06:43 ICT" skipped="0">
  <testcase classname="Railway.TestCase11" name="TC11" time="7.376"/>
  <system-out/>
</testsuite> <!-- Railway.TestCase11 -->
